Assembler report for CPEN391_Project
Tue Feb 05 22:20:29 2019
Quartus II 64-Bit Version 15.0.0 Build 145 04/22/2015 SJ Web Edition


---------------------
; Table of Contents ;
---------------------
  1. Legal Notice
  2. Assembler Summary
  3. Assembler Settings
  4. Assembler Encrypted IP Cores Summary
  5. Assembler Generated Files
  6. Assembler Device Options: C:/Users/User/Desktop/CPEN 391/Project_1/cpen-391-module-1/quartus/output_files/CPEN391_Project.sof
  7. Assembler Messages



----------------
; Legal Notice ;
----------------
Copyright (C) 1991-2015 Altera Corporation. All rights reserved.
Your use of Altera Corporation's design tools, logic functions 
and other software and tools, and its AMPP partner logic 
functions, and any output files from any of the foregoing 
(including device programming or simulation files), and any 
associated documentation or information are expressly subject 
to the terms and conditions of the Altera Program License 
Subscription Agreement, the Altera Quartus II License Agreement,
the Altera MegaCore Function License Agreement, or other 
applicable license agreement, including, without limitation, 
that your use is for the sole purpose of programming logic 
devices manufactured by Altera and sold by Altera or its 
authorized distributors.  Please refer to the applicable 
agreement for further details.



+-----------------------------------------------------------+
; Assembler Summary                                         ;
+-----------------------+-----------------------------------+
; Assembler Status      ; Failed - Tue Feb 05 22:20:29 2019 ;
; Revision Name         ; CPEN391_Project                   ;
; Top-level Entity Name ; MyComputer_Verilog                ;
; Family                ; Cyclone V                         ;
; Device                ; 5CSEMA5F31C6                      ;
+-----------------------+-----------------------------------+


+----------------------------------+
; Assembler Settings               ;
+--------+---------+---------------+
; Option ; Setting ; Default Value ;
+--------+---------+---------------+


+------------------------------------------------+
; Assembler Encrypted IP Cores Summary           ;
+--------+------------------------+--------------+
; Vendor ; IP Core Name           ; License Type ;
+--------+------------------------+--------------+
; Altera ; Signal Tap (6AF7 BCE1) ; Licensed     ;
; Altera ; Signal Tap (6AF7 BCEC) ; Licensed     ;
+--------+------------------------+--------------+


+-----------------------------------------------------------------------------------------------------+
; Assembler Generated Files                                                                           ;
+-----------------------------------------------------------------------------------------------------+
; File Name                                                                                           ;
+-----------------------------------------------------------------------------------------------------+
; C:/Users/User/Desktop/CPEN 391/Project_1/cpen-391-module-1/quartus/output_files/CPEN391_Project.sof ;
+-----------------------------------------------------------------------------------------------------+


+-------------------------------------------------------------------------------------------------------------------------------+
; Assembler Device Options: C:/Users/User/Desktop/CPEN 391/Project_1/cpen-391-module-1/quartus/output_files/CPEN391_Project.sof ;
+----------------+--------------------------------------------------------------------------------------------------------------+
; Option         ; Setting                                                                                                      ;
+----------------+--------------------------------------------------------------------------------------------------------------+
; Device         ; 5CSEMA5F31C6                                                                                                 ;
; JTAG usercode  ; 0x0996267C                                                                                                   ;
; Checksum       ; 0x0996267C                                                                                                   ;
+----------------+--------------------------------------------------------------------------------------------------------------+


+--------------------+
; Assembler Messages ;
+--------------------+
Info: *******************************************************************
Info: Running Quartus II 64-Bit Assembler
    Info: Version 15.0.0 Build 145 04/22/2015 SJ Web Edition
    Info: Processing started: Tue Feb 05 22:19:16 2019
Info: Command: quartus_asm --read_settings_files=off --write_settings_files=off CPEN391_Project -c CPEN391_Project
Info (115030): Assembler is generating device programming files
Error (210006): Can't save or open file CPEN391_Computer/synthesis/submodules/sequencer/emif.pre.xml
Error: Quartus II 64-Bit Assembler was unsuccessful. 1 error, 0 warnings
    Error: Peak virtual memory: 960 megabytes
    Error: Processing ended: Tue Feb 05 22:20:30 2019
    Error: Elapsed time: 00:01:14
    Error: Total CPU time (on all processors): 00:00:57


